autoscan: warning: missing AC_CHECK_FUNCS([memset]) wanted by: 
	src/memfree.c:109
	src/memfree.c:110
	src/srq.c:280
	src/qp.c:858
	src/ah.c:135
autoscan: warning: missing AC_CHECK_FUNCS([munmap]) wanted by: 
	src/hgrnic.c:204
	src/hgrnic.c:219
	src/buf.c:74
	src/buf.c:82
autoscan: warning: missing AC_CHECK_FUNCS([strtol]) wanted by: 
	src/hgrnic.c:322
autoscan: warning: missing AC_CHECK_HEADERS([fcntl.h]) wanted by: 
	src/hgrnic.c:53
autoscan: warning: missing AC_CHECK_HEADERS([netinet/in.h]) wanted by: 
	src/memfree.c:38
	src/srq.c:38
	src/qp.c:39
	src/verbs.c:43
	src/cq.c:42
	src/ah.c:38
autoscan: warning: missing AC_CHECK_HEADERS([stddef.h]) wanted by: 
	src/hgrnic.h:37
autoscan: warning: missing AC_C_INLINE wanted by: 
	src/doorbell.h:38
	src/doorbell.h:53
	src/doorbell.h:78
	src/doorbell.h:83
	src/doorbell.h:90
	src/doorbell.h:98
	src/hgrnic.h:239
	src/hgrnic.h:244
	src/hgrnic.h:253
	src/hgrnic.h:258
	src/hgrnic.h:263
	src/hgrnic.h:268
	src/hgrnic.h:273
	src/hgrnic.h:278
	src/hgrnic.h:283
	src/hgrnic.h:288
	src/srq.c:60
	src/qp.c:86
	src/cq.c:125
	src/cq.c:130
	src/cq.c:136
	src/cq.c:141
	src/cq.c:151
	src/cq.c:290
	src/cq.c:540
autoscan: warning: missing AC_FUNC_MALLOC wanted by: 
	src/memfree.c:177
	src/hgrnic.c:291
	src/srq.c:261
	src/qp.c:795
	src/verbs.c:83
	src/verbs.c:136
	src/verbs.c:200
	src/verbs.c:404
	src/verbs.c:522
	src/verbs.c:730
	src/ah.c:57
	src/ah.c:92
autoscan: warning: missing AC_FUNC_MMAP wanted by: 
	src/hgrnic.c:172
	src/buf.c:67
autoscan: warning: missing AC_PROG_AWK wanted by: 
	Makefile:263
	Makefile:263
autoscan: warning: missing AC_PROG_CXX wanted by: 
	Makefile:148
	Makefile:160
	Makefile:184
	Makefile:190
	Makefile:193
autoscan: warning: missing AC_PROG_INSTALL wanted by: 
	Makefile:462
	Makefile:463
	Makefile:497
	Makefile:498
	Makefile:786
	Makefile:794
	Makefile:959
	Makefile:284
autoscan: warning: missing AC_PROG_LN_S wanted by: 
	Makefile:295
autoscan: warning: missing AC_PROG_MKDIR_P wanted by: 
	Makefile:300
autoscan: warning: missing AC_PROG_RANLIB wanted by: 
	Makefile:315
	Makefile:315
autoscan: warning: missing AC_TYPE_INT32_T wanted by: 
	src/cq.c:351
autoscan: warning: missing AC_TYPE_SIZE_T wanted by: 
	src/hgrnic.c:236
	src/hgrnic.h:143
	src/hgrnic.h:293
	src/hgrnic.h:312
	src/verbs.c:119
	src/verbs.c:160
	src/buf.c:50
	src/buf.c:55
	src/buf.c:62
autoscan: warning: missing AC_TYPE_UINT16_T wanted by: 
	src/hgrnic.h:187
	src/hgrnic.h:223
	src/cq.c:101
	src/cq.c:102
	src/cq.c:117
autoscan: warning: missing AC_TYPE_UINT32_T wanted by: 
	src/doorbell.h:38
	src/doorbell.h:53
	src/doorbell.h:53
	src/doorbell.h:78
	src/doorbell.h:83
	src/doorbell.h:83
	src/doorbell.h:90
	src/doorbell.h:93
	src/doorbell.h:94
	src/doorbell.h:98
	src/doorbell.h:98
	src/doorbell.h:100
	src/doorbell.h:102
	src/memfree.c:60
	src/memfree.c:144
	src/memfree.c:144
	src/hgrnic.h:150
	src/hgrnic.h:158
	src/hgrnic.h:159
	src/hgrnic.h:163
	src/hgrnic.h:165
	src/hgrnic.h:176
	src/hgrnic.h:186
	src/hgrnic.h:203
	src/hgrnic.h:220
	src/hgrnic.h:228
	src/hgrnic.h:229
	src/hgrnic.h:236
	src/hgrnic.h:244
	src/hgrnic.h:297
	src/hgrnic.h:298
	src/hgrnic.h:298
	src/hgrnic.h:324
	src/hgrnic.h:325
	src/hgrnic.h:365
	src/hgrnic.h:366
	src/hgrnic.h:367
	src/hgrnic.h:369
	src/srq.c:85
	src/qp.c:119
	src/qp.c:120
	src/qp.c:318
	src/qp.c:338
	src/qp.c:446
	src/qp.c:461
	src/qp.c:462
	src/qp.c:862
	src/qp.c:899
	src/qp.c:909
	src/qp.c:925
	src/qp.c:936
	src/wqe.h:61
	src/wqe.h:62
	src/wqe.h:63
	src/wqe.h:64
	src/wqe.h:68
	src/wqe.h:69
	src/wqe.h:71
	src/wqe.h:72
	src/wqe.h:73
	src/wqe.h:74
	src/wqe.h:78
	src/wqe.h:79
	src/wqe.h:80
	src/wqe.h:81
	src/wqe.h:85
	src/wqe.h:86
	src/wqe.h:87
	src/wqe.h:88
	src/wqe.h:95
	src/wqe.h:96
	src/wqe.h:105
	src/wqe.h:106
	src/wqe.h:111
	src/cq.c:98
	src/cq.c:99
	src/cq.c:100
	src/cq.c:103
	src/cq.c:104
	src/cq.c:105
	src/cq.c:113
	src/cq.c:114
	src/cq.c:118
	src/cq.c:119
	src/cq.c:153
	src/cq.c:168
	src/cq.c:172
	src/cq.c:182
	src/cq.c:298
	src/cq.c:299
	src/cq.c:488
	src/cq.c:504
	src/cq.c:505
	src/cq.c:506
	src/cq.c:549
	src/cq.c:552
	src/cq.c:593
autoscan: warning: missing AC_TYPE_UINT64_T wanted by: 
	src/doorbell.h:80
	src/doorbell.h:85
	src/memfree.c:160
	src/hgrnic.h:175
	src/hgrnic.h:209
	src/srq.c:261
	src/qp.c:795
	src/verbs.c:51
	src/verbs.c:119
	src/wqe.h:70
	src/wqe.h:89
	src/wqe.h:90
	src/wqe.h:94
	src/wqe.h:100
	src/wqe.h:101
	src/wqe.h:107
autoscan: warning: missing AC_TYPE_UINT8_T wanted by: 
	src/doorbell.h:41
	src/doorbell.h:56
	src/hgrnic.h:221
	src/hgrnic.h:222
	src/hgrnic.h:224
	src/hgrnic.h:225
	src/hgrnic.h:226
	src/hgrnic.h:227
	src/hgrnic.h:305
	src/qp.c:51
	src/verbs.c:69
	src/cq.c:106
	src/cq.c:107
	src/cq.c:108
	src/cq.c:109
	src/cq.c:115
	src/cq.c:116
	src/cq.c:120
	src/cq.c:121
	src/cq.c:122
